c:\users\gabriel mori\source\repos\earthbound sim\earthbound sim\debug\vc142.pdb
c:\users\gabriel mori\source\repos\earthbound sim\earthbound sim\debug\vc142.idb
c:\users\gabriel mori\source\repos\earthbound sim\earthbound sim\debug\textbox.obj
c:\users\gabriel mori\source\repos\earthbound sim\earthbound sim\debug\spriteobject.obj
c:\users\gabriel mori\source\repos\earthbound sim\earthbound sim\debug\selectwindow.obj
c:\users\gabriel mori\source\repos\earthbound sim\earthbound sim\debug\selectionset.obj
c:\users\gabriel mori\source\repos\earthbound sim\earthbound sim\debug\main.obj
c:\users\gabriel mori\source\repos\earthbound sim\earthbound sim\debug\game.obj
c:\users\gabriel mori\source\repos\earthbound sim\earthbound sim\debug\enemy.obj
c:\users\gabriel mori\source\repos\earthbound sim\earthbound sim\debug\battlehud.obj
c:\users\gabriel mori\source\repos\earthbound sim\earthbound sim\debug\background.obj
c:\users\gabriel mori\source\repos\earthbound sim\debug\earthbound sim.pdb
c:\users\gabriel mori\source\repos\earthbound sim\earthbound sim\debug\earthbound sim.tlog\cl.command.1.tlog
c:\users\gabriel mori\source\repos\earthbound sim\earthbound sim\debug\earthbound sim.tlog\cl.read.1.tlog
c:\users\gabriel mori\source\repos\earthbound sim\earthbound sim\debug\earthbound sim.tlog\cl.write.1.tlog
c:\users\gabriel mori\source\repos\earthbound sim\earthbound sim\debug\earthbound sim.tlog\link-cvtres.read.1.tlog
c:\users\gabriel mori\source\repos\earthbound sim\earthbound sim\debug\earthbound sim.tlog\link-cvtres.write.1.tlog
c:\users\gabriel mori\source\repos\earthbound sim\earthbound sim\debug\earthbound sim.tlog\link-rc.read.1.tlog
c:\users\gabriel mori\source\repos\earthbound sim\earthbound sim\debug\earthbound sim.tlog\link-rc.write.1.tlog
c:\users\gabriel mori\source\repos\earthbound sim\earthbound sim\debug\earthbound sim.tlog\link.command.1.tlog
c:\users\gabriel mori\source\repos\earthbound sim\earthbound sim\debug\earthbound sim.tlog\link.read.1.tlog
c:\users\gabriel mori\source\repos\earthbound sim\earthbound sim\debug\earthbound sim.tlog\link.write.1.tlog
